Build started 3/29/2015 1:19:57 AM.
     1>Project "C:\Users\Ga3FaR\Downloads\Outlook.com\ATM\ATM\islam\islam.vcxproj" on node 2 (Build target(s)).
     1>ClCompile:
         C:\Program Files (x86)\Microsoft Visual Studio 13.0\VC\bin\CL.exe /c /ZI /nologo /W3 /WX- /Od /Oy- /D WIN32 /D _DEBUG /D _CONSOLE /D _UNICODE /D UNICODE /Gm /EHsc /RTC1 /MDd /GS /fp:precise /Zc:wchar_t /Zc:forScope /Fo"Debug\\" /Fd"Debug\vc120.pdb" /Gd /TP /analyze- /errorReport:prompt islma.cpp
         islma.cpp
     1>c:\users\ga3far\downloads\outlook.com\atm\atm\islam\islma.cpp(119): warning C4244: 'argument' : conversion from 'time_t' to 'unsigned int', possible loss of data
     1>c:\users\ga3far\downloads\outlook.com\atm\atm\islam\islma.cpp(123): warning C4244: 'argument' : conversion from 'float' to 'int', possible loss of data
     1>c:\users\ga3far\downloads\outlook.com\atm\atm\islam\islma.cpp(147): warning C4129: ' ' : unrecognized character escape sequence
     1>c:\users\ga3far\downloads\outlook.com\atm\atm\islam\islma.cpp(156): warning C4129: ' ' : unrecognized character escape sequence
     1>c:\users\ga3far\downloads\outlook.com\atm\atm\islam\islma.cpp(159): warning C4129: ' ' : unrecognized character escape sequence
     1>c:\users\ga3far\downloads\outlook.com\atm\atm\islam\islma.cpp(198): warning C4018: '<' : signed/unsigned mismatch
     1>c:\users\ga3far\downloads\outlook.com\atm\atm\islam\islma.cpp(318): warning C4244: 'argument' : conversion from 'time_t' to 'unsigned int', possible loss of data
     1>c:\users\ga3far\downloads\outlook.com\atm\atm\islam\islma.cpp(330): warning C4244: 'argument' : conversion from 'long' to 'char', possible loss of data
     1>c:\users\ga3far\downloads\outlook.com\atm\atm\islam\islma.cpp(626): warning C4018: '<' : signed/unsigned mismatch
     1>c:\users\ga3far\downloads\outlook.com\atm\atm\islam\islma.cpp(633): warning C4018: '<' : signed/unsigned mismatch
     1>c:\users\ga3far\downloads\outlook.com\atm\atm\islam\islma.cpp(640): warning C4018: '<' : signed/unsigned mismatch
     1>c:\users\ga3far\downloads\outlook.com\atm\atm\islam\islma.cpp(646): warning C4018: '<' : signed/unsigned mismatch
     1>c:\users\ga3far\downloads\outlook.com\atm\atm\islam\islma.cpp(654): warning C4018: '<' : signed/unsigned mismatch
     1>c:\users\ga3far\downloads\outlook.com\atm\atm\islam\islma.cpp(665): warning C4258: 'r' : definition from the for loop is ignored; the definition from the enclosing scope is used
                 c:\users\ga3far\downloads\outlook.com\atm\atm\islam\islma.cpp(646) : definition of 'r' ignored
                 c:\users\ga3far\downloads\outlook.com\atm\atm\islam\islma.cpp(613) : definition of 'r' used
     1>c:\users\ga3far\downloads\outlook.com\atm\atm\islam\islma.cpp(666): warning C4258: 'r' : definition from the for loop is ignored; the definition from the enclosing scope is used
                 c:\users\ga3far\downloads\outlook.com\atm\atm\islam\islma.cpp(646) : definition of 'r' ignored
                 c:\users\ga3far\downloads\outlook.com\atm\atm\islam\islma.cpp(613) : definition of 'r' used
     1>c:\users\ga3far\downloads\outlook.com\atm\atm\islam\islma.cpp(667): warning C4258: 'r' : definition from the for loop is ignored; the definition from the enclosing scope is used
                 c:\users\ga3far\downloads\outlook.com\atm\atm\islam\islma.cpp(646) : definition of 'r' ignored
                 c:\users\ga3far\downloads\outlook.com\atm\atm\islam\islma.cpp(613) : definition of 'r' used
     1>c:\users\ga3far\downloads\outlook.com\atm\atm\islam\islma.cpp(668): warning C4258: 'r' : definition from the for loop is ignored; the definition from the enclosing scope is used
                 c:\users\ga3far\downloads\outlook.com\atm\atm\islam\islma.cpp(646) : definition of 'r' ignored
                 c:\users\ga3far\downloads\outlook.com\atm\atm\islam\islma.cpp(613) : definition of 'r' used
     1>c:\users\ga3far\downloads\outlook.com\atm\atm\islam\islma.cpp(669): warning C4258: 'r' : definition from the for loop is ignored; the definition from the enclosing scope is used
                 c:\users\ga3far\downloads\outlook.com\atm\atm\islam\islma.cpp(646) : definition of 'r' ignored
                 c:\users\ga3far\downloads\outlook.com\atm\atm\islam\islma.cpp(613) : definition of 'r' used
       Link:
         C:\Program Files (x86)\Microsoft Visual Studio 13.0\VC\bin\link.exe /ERRORREPORT:PROMPT /OUT:"C:\Users\Ga3FaR\Downloads\Outlook.com\ATM\ATM\Debug\islam.exe" /INCREMENTAL /NOLOGO kernel32.lib user32.lib gdi32.lib winspool.lib comdlg32.lib advapi32.lib shell32.lib ole32.lib oleaut32.lib uuid.lib odbc32.lib odbccp32.lib /MANIFEST /MANIFESTUAC:"level='asInvoker' uiAccess='false'" /manifest:embed /DEBUG /PDB:"C:\Users\Ga3FaR\Downloads\Outlook.com\ATM\ATM\Debug\islam.pdb" /SUBSYSTEM:CONSOLE /TLBID:1 /DYNAMICBASE /NXCOMPAT /IMPLIB:"C:\Users\Ga3FaR\Downloads\Outlook.com\ATM\ATM\Debug\islam.lib" /MACHINE:X86 Debug\islma.obj
     1>LINK : fatal error LNK1207: incompatible PDB format in 'C:\Users\Ga3FaR\Downloads\Outlook.com\ATM\ATM\Debug\islam.pdb'; delete and rebuild
     1>Done Building Project "C:\Users\Ga3FaR\Downloads\Outlook.com\ATM\ATM\islam\islam.vcxproj" (Build target(s)) -- FAILED.

Build FAILED.

Time Elapsed 00:00:05.65
